{"__type":"$$EventMessageWorkflow","id":"dccaa11e-769b-420c-ac93-a7f13c89cdcb","ts":"2025-11-07T13:10:59.385+00:00","eventName":"n8n.workflow.started","message":"n8n.workflow.started","payload":{"executionId":"231","workflowId":"DuYNHLGVZKDzg8oH","isManual":false,"workflowName":"Leer PDFs de Gmail y Extraer Facturas"}}
{"__type":"$$EventMessageConfirm","confirm":"dccaa11e-769b-420c-ac93-a7f13c89cdcb","ts":"2025-11-07T13:10:59.385+00:00","source":{"id":"0","name":"eventBus"}}
{"__type":"$$EventMessageNode","id":"333b0b24-bcd2-449b-9ee4-e46824159db1","ts":"2025-11-07T13:10:59.386+00:00","eventName":"n8n.node.started","message":"n8n.node.started","payload":{"workflowId":"DuYNHLGVZKDzg8oH","workflowName":"Leer PDFs de Gmail y Extraer Facturas","executionId":"231","nodeType":"n8n-nodes-base.gmailTrigger","nodeName":"Gmail","nodeId":"fb758204-2834-47fe-bf11-f4ab48b9378a"}}
{"__type":"$$EventMessageConfirm","confirm":"333b0b24-bcd2-449b-9ee4-e46824159db1","ts":"2025-11-07T13:10:59.386+00:00","source":{"id":"0","name":"eventBus"}}
{"__type":"$$EventMessageNode","id":"7419d562-870d-4e1d-bb3f-24cf5b4d71f0","ts":"2025-11-07T13:11:01.475+00:00","eventName":"n8n.node.finished","message":"n8n.node.finished","payload":{"workflowId":"DuYNHLGVZKDzg8oH","workflowName":"Leer PDFs de Gmail y Extraer Facturas","executionId":"231","nodeType":"n8n-nodes-base.gmailTrigger","nodeName":"Gmail","nodeId":"fb758204-2834-47fe-bf11-f4ab48b9378a"}}
{"__type":"$$EventMessageConfirm","confirm":"7419d562-870d-4e1d-bb3f-24cf5b4d71f0","ts":"2025-11-07T13:11:01.475+00:00","source":{"id":"0","name":"eventBus"}}
{"__type":"$$EventMessageNode","id":"72aceaef-5187-4ae1-a822-d6e012ef5b8f","ts":"2025-11-07T13:11:01.480+00:00","eventName":"n8n.node.started","message":"n8n.node.started","payload":{"workflowId":"DuYNHLGVZKDzg8oH","workflowName":"Leer PDFs de Gmail y Extraer Facturas","executionId":"231","nodeType":"n8n-nodes-base.code","nodeName":"Filtrar PDFs","nodeId":"33185e18-504a-457d-8bb3-fd57b298b7cc"}}
{"__type":"$$EventMessageConfirm","confirm":"72aceaef-5187-4ae1-a822-d6e012ef5b8f","ts":"2025-11-07T13:11:01.480+00:00","source":{"id":"0","name":"eventBus"}}
{"__type":"$$EventMessageNode","id":"73f373c0-16b1-46de-84b6-3a9ec2ee7ddf","ts":"2025-11-07T08:11:01.504-05:00","eventName":"n8n.node.finished","message":"n8n.node.finished","payload":{"workflowId":"DuYNHLGVZKDzg8oH","workflowName":"Leer PDFs de Gmail y Extraer Facturas","executionId":"231","nodeType":"n8n-nodes-base.code","nodeName":"Filtrar PDFs","nodeId":"33185e18-504a-457d-8bb3-fd57b298b7cc"}}
{"__type":"$$EventMessageConfirm","confirm":"73f373c0-16b1-46de-84b6-3a9ec2ee7ddf","ts":"2025-11-07T08:11:01.504-05:00","source":{"id":"0","name":"eventBus"}}
{"__type":"$$EventMessageNode","id":"ae030f5b-a7f4-4774-aec8-9595cfe4c735","ts":"2025-11-07T08:11:01.509-05:00","eventName":"n8n.node.started","message":"n8n.node.started","payload":{"workflowId":"DuYNHLGVZKDzg8oH","workflowName":"Leer PDFs de Gmail y Extraer Facturas","executionId":"231","nodeType":"n8n-nodes-base.extractFromFile","nodeName":"Extraer texto del PDF","nodeId":"e25a2121-9e6b-4647-bba9-d579b3177f16"}}
{"__type":"$$EventMessageConfirm","confirm":"ae030f5b-a7f4-4774-aec8-9595cfe4c735","ts":"2025-11-07T08:11:01.509-05:00","source":{"id":"0","name":"eventBus"}}
{"__type":"$$EventMessageNode","id":"1430535e-cfe3-4444-925c-29de2f12ad1e","ts":"2025-11-07T08:11:02.417-05:00","eventName":"n8n.node.finished","message":"n8n.node.finished","payload":{"workflowId":"DuYNHLGVZKDzg8oH","workflowName":"Leer PDFs de Gmail y Extraer Facturas","executionId":"231","nodeType":"n8n-nodes-base.extractFromFile","nodeName":"Extraer texto del PDF","nodeId":"e25a2121-9e6b-4647-bba9-d579b3177f16"}}
{"__type":"$$EventMessageConfirm","confirm":"1430535e-cfe3-4444-925c-29de2f12ad1e","ts":"2025-11-07T08:11:02.418-05:00","source":{"id":"0","name":"eventBus"}}
{"__type":"$$EventMessageNode","id":"c951a78d-6020-41c0-9c82-ea5aa0463a91","ts":"2025-11-07T08:11:02.418-05:00","eventName":"n8n.node.started","message":"n8n.node.started","payload":{"workflowId":"DuYNHLGVZKDzg8oH","workflowName":"Leer PDFs de Gmail y Extraer Facturas","executionId":"231","nodeType":"n8n-nodes-base.code","nodeName":"Separar Pdf por Guia Remision y Factura","nodeId":"93009130-f806-43e6-8a55-43c554ea06cc"}}
{"__type":"$$EventMessageConfirm","confirm":"c951a78d-6020-41c0-9c82-ea5aa0463a91","ts":"2025-11-07T08:11:02.419-05:00","source":{"id":"0","name":"eventBus"}}
{"__type":"$$EventMessageNode","id":"d7868c67-da58-4a9f-b106-486336c08264","ts":"2025-11-07T08:11:02.426-05:00","eventName":"n8n.node.finished","message":"n8n.node.finished","payload":{"workflowId":"DuYNHLGVZKDzg8oH","workflowName":"Leer PDFs de Gmail y Extraer Facturas","executionId":"231","nodeType":"n8n-nodes-base.code","nodeName":"Separar Pdf por Guia Remision y Factura","nodeId":"93009130-f806-43e6-8a55-43c554ea06cc"}}
{"__type":"$$EventMessageConfirm","confirm":"d7868c67-da58-4a9f-b106-486336c08264","ts":"2025-11-07T08:11:02.426-05:00","source":{"id":"0","name":"eventBus"}}
{"__type":"$$EventMessageNode","id":"b915d213-1153-4b79-9f4b-b5ec19b6a571","ts":"2025-11-07T08:11:02.427-05:00","eventName":"n8n.node.started","message":"n8n.node.started","payload":{"workflowId":"DuYNHLGVZKDzg8oH","workflowName":"Leer PDFs de Gmail y Extraer Facturas","executionId":"231","nodeType":"n8n-nodes-base.code","nodeName":"Estandarizar Información","nodeId":"aa9ca30f-99bc-4639-a66a-398445f2e8cf"}}
{"__type":"$$EventMessageConfirm","confirm":"b915d213-1153-4b79-9f4b-b5ec19b6a571","ts":"2025-11-07T08:11:02.427-05:00","source":{"id":"0","name":"eventBus"}}
{"__type":"$$EventMessageNode","id":"ab2c4036-ce08-48b7-856b-a65a2d89b8a1","ts":"2025-11-07T08:11:02.441-05:00","eventName":"n8n.node.finished","message":"n8n.node.finished","payload":{"workflowId":"DuYNHLGVZKDzg8oH","workflowName":"Leer PDFs de Gmail y Extraer Facturas","executionId":"231","nodeType":"n8n-nodes-base.code","nodeName":"Estandarizar Información","nodeId":"aa9ca30f-99bc-4639-a66a-398445f2e8cf"}}
{"__type":"$$EventMessageConfirm","confirm":"ab2c4036-ce08-48b7-856b-a65a2d89b8a1","ts":"2025-11-07T08:11:02.441-05:00","source":{"id":"0","name":"eventBus"}}
{"__type":"$$EventMessageNode","id":"3a8b3995-877a-4939-b1b9-60b1776013f7","ts":"2025-11-07T08:11:02.442-05:00","eventName":"n8n.node.started","message":"n8n.node.started","payload":{"workflowId":"DuYNHLGVZKDzg8oH","workflowName":"Leer PDFs de Gmail y Extraer Facturas","executionId":"231","nodeType":"n8n-nodes-base.microsoftSql","nodeName":"Query Empresas","nodeId":"5e5b1d24-ac28-4089-b059-ac7d86079ee1"}}
{"__type":"$$EventMessageConfirm","confirm":"3a8b3995-877a-4939-b1b9-60b1776013f7","ts":"2025-11-07T08:11:02.442-05:00","source":{"id":"0","name":"eventBus"}}
{"__type":"$$EventMessageNode","id":"5137eac8-714f-48ae-a784-c552fa196e2b","ts":"2025-11-07T08:11:02.664-05:00","eventName":"n8n.node.finished","message":"n8n.node.finished","payload":{"workflowId":"DuYNHLGVZKDzg8oH","workflowName":"Leer PDFs de Gmail y Extraer Facturas","executionId":"231","nodeType":"n8n-nodes-base.microsoftSql","nodeName":"Query Empresas","nodeId":"5e5b1d24-ac28-4089-b059-ac7d86079ee1"}}
{"__type":"$$EventMessageConfirm","confirm":"5137eac8-714f-48ae-a784-c552fa196e2b","ts":"2025-11-07T08:11:02.664-05:00","source":{"id":"0","name":"eventBus"}}
{"__type":"$$EventMessageNode","id":"f6303e10-c5d1-4d74-b203-6296824df55b","ts":"2025-11-07T08:11:02.664-05:00","eventName":"n8n.node.started","message":"n8n.node.started","payload":{"workflowId":"DuYNHLGVZKDzg8oH","workflowName":"Leer PDFs de Gmail y Extraer Facturas","executionId":"231","nodeType":"n8n-nodes-base.code","nodeName":"JSON antes de guardar en base","nodeId":"78455022-0344-46ef-8a2e-6cd755170187"}}
{"__type":"$$EventMessageConfirm","confirm":"f6303e10-c5d1-4d74-b203-6296824df55b","ts":"2025-11-07T08:11:02.664-05:00","source":{"id":"0","name":"eventBus"}}
{"__type":"$$EventMessageNode","id":"374d72d0-4594-4453-a948-6a58c28f7237","ts":"2025-11-07T08:11:02.681-05:00","eventName":"n8n.node.finished","message":"n8n.node.finished","payload":{"workflowId":"DuYNHLGVZKDzg8oH","workflowName":"Leer PDFs de Gmail y Extraer Facturas","executionId":"231","nodeType":"n8n-nodes-base.code","nodeName":"JSON antes de guardar en base","nodeId":"78455022-0344-46ef-8a2e-6cd755170187"}}
{"__type":"$$EventMessageConfirm","confirm":"374d72d0-4594-4453-a948-6a58c28f7237","ts":"2025-11-07T08:11:02.681-05:00","source":{"id":"0","name":"eventBus"}}
{"__type":"$$EventMessageWorkflow","id":"984574d1-7848-4b9a-aa17-73ec73236c17","ts":"2025-11-07T08:11:02.687-05:00","eventName":"n8n.workflow.success","message":"n8n.workflow.success","payload":{"userId":"1dd2210a-99e7-43b0-8c94-ca836c8bb76d","executionId":"231","success":true,"isManual":true,"workflowId":"DuYNHLGVZKDzg8oH","workflowName":"Leer PDFs de Gmail y Extraer Facturas"}}
{"__type":"$$EventMessageConfirm","confirm":"984574d1-7848-4b9a-aa17-73ec73236c17","ts":"2025-11-07T08:11:02.687-05:00","source":{"id":"0","name":"eventBus"}}
{"__type":"$$EventMessageAudit","id":"7e393f63-ff80-4911-856d-afb9ebe7d2db","ts":"2025-11-07T09:39:22.110-05:00","eventName":"n8n.audit.user.login.success","message":"n8n.audit.user.login.success","payload":{"userId":"1dd2210a-99e7-43b0-8c94-ca836c8bb76d","_email":"zackharo1@gmail.com","_firstName":"Isaac","_lastName":"Haro","globalRole":"global:owner","authenticationMethod":"email"}}
{"__type":"$$EventMessageConfirm","confirm":"7e393f63-ff80-4911-856d-afb9ebe7d2db","ts":"2025-11-07T09:39:22.111-05:00","source":{"id":"0","name":"eventBus"}}
{"__type":"$$EventMessageWorkflow","id":"abd20105-10a5-460a-a15b-9b6f3dec3ad6","ts":"2025-11-07T10:30:14.538-05:00","eventName":"n8n.workflow.started","message":"n8n.workflow.started","payload":{"executionId":"232","workflowId":"DuYNHLGVZKDzg8oH","isManual":false,"workflowName":"Leer PDFs de Gmail y Extraer Facturas"}}
{"__type":"$$EventMessageConfirm","confirm":"abd20105-10a5-460a-a15b-9b6f3dec3ad6","ts":"2025-11-07T10:30:14.539-05:00","source":{"id":"0","name":"eventBus"}}
{"__type":"$$EventMessageNode","id":"b6d18933-3040-408e-90c6-e68df678042a","ts":"2025-11-07T10:30:14.541-05:00","eventName":"n8n.node.started","message":"n8n.node.started","payload":{"workflowId":"DuYNHLGVZKDzg8oH","workflowName":"Leer PDFs de Gmail y Extraer Facturas","executionId":"232","nodeType":"n8n-nodes-base.gmailTrigger","nodeName":"Gmail","nodeId":"fb758204-2834-47fe-bf11-f4ab48b9378a"}}
{"__type":"$$EventMessageConfirm","confirm":"b6d18933-3040-408e-90c6-e68df678042a","ts":"2025-11-07T10:30:14.542-05:00","source":{"id":"0","name":"eventBus"}}
{"__type":"$$EventMessageNode","id":"2e91a01e-47a0-4fd4-9faf-26453791627c","ts":"2025-11-07T10:30:16.169-05:00","eventName":"n8n.node.finished","message":"n8n.node.finished","payload":{"workflowId":"DuYNHLGVZKDzg8oH","workflowName":"Leer PDFs de Gmail y Extraer Facturas","executionId":"232","nodeType":"n8n-nodes-base.gmailTrigger","nodeName":"Gmail","nodeId":"fb758204-2834-47fe-bf11-f4ab48b9378a"}}
{"__type":"$$EventMessageConfirm","confirm":"2e91a01e-47a0-4fd4-9faf-26453791627c","ts":"2025-11-07T10:30:16.169-05:00","source":{"id":"0","name":"eventBus"}}
{"__type":"$$EventMessageNode","id":"587eca6d-c201-4cde-a74c-b2c6695af3d2","ts":"2025-11-07T10:30:16.170-05:00","eventName":"n8n.node.started","message":"n8n.node.started","payload":{"workflowId":"DuYNHLGVZKDzg8oH","workflowName":"Leer PDFs de Gmail y Extraer Facturas","executionId":"232","nodeType":"n8n-nodes-base.code","nodeName":"Filtrar PDFs","nodeId":"33185e18-504a-457d-8bb3-fd57b298b7cc"}}
{"__type":"$$EventMessageConfirm","confirm":"587eca6d-c201-4cde-a74c-b2c6695af3d2","ts":"2025-11-07T10:30:16.170-05:00","source":{"id":"0","name":"eventBus"}}
{"__type":"$$EventMessageNode","id":"95d4ba78-cfb7-4220-b860-733ccdebd6e2","ts":"2025-11-07T10:30:16.190-05:00","eventName":"n8n.node.finished","message":"n8n.node.finished","payload":{"workflowId":"DuYNHLGVZKDzg8oH","workflowName":"Leer PDFs de Gmail y Extraer Facturas","executionId":"232","nodeType":"n8n-nodes-base.code","nodeName":"Filtrar PDFs","nodeId":"33185e18-504a-457d-8bb3-fd57b298b7cc"}}
{"__type":"$$EventMessageConfirm","confirm":"95d4ba78-cfb7-4220-b860-733ccdebd6e2","ts":"2025-11-07T10:30:16.191-05:00","source":{"id":"0","name":"eventBus"}}
{"__type":"$$EventMessageWorkflow","id":"b58cf5e4-74d4-40a4-a6e2-5a2827851a5e","ts":"2025-11-07T10:30:16.193-05:00","eventName":"n8n.workflow.success","message":"n8n.workflow.success","payload":{"userId":"1dd2210a-99e7-43b0-8c94-ca836c8bb76d","executionId":"232","success":true,"isManual":true,"workflowId":"DuYNHLGVZKDzg8oH","workflowName":"Leer PDFs de Gmail y Extraer Facturas"}}
{"__type":"$$EventMessageConfirm","confirm":"b58cf5e4-74d4-40a4-a6e2-5a2827851a5e","ts":"2025-11-07T10:30:16.193-05:00","source":{"id":"0","name":"eventBus"}}
{"__type":"$$EventMessageWorkflow","id":"beb7592e-f780-4518-85ea-9586da965acf","ts":"2025-11-07T10:30:21.137-05:00","eventName":"n8n.workflow.started","message":"n8n.workflow.started","payload":{"executionId":"233","workflowId":"DuYNHLGVZKDzg8oH","isManual":false,"workflowName":"Leer PDFs de Gmail y Extraer Facturas"}}
{"__type":"$$EventMessageConfirm","confirm":"beb7592e-f780-4518-85ea-9586da965acf","ts":"2025-11-07T10:30:21.137-05:00","source":{"id":"0","name":"eventBus"}}
{"__type":"$$EventMessageNode","id":"55bcb4ba-4f7e-4d43-ad52-00041b9ebb08","ts":"2025-11-07T10:30:21.137-05:00","eventName":"n8n.node.started","message":"n8n.node.started","payload":{"workflowId":"DuYNHLGVZKDzg8oH","workflowName":"Leer PDFs de Gmail y Extraer Facturas","executionId":"233","nodeType":"n8n-nodes-base.gmailTrigger","nodeName":"Gmail","nodeId":"fb758204-2834-47fe-bf11-f4ab48b9378a"}}
{"__type":"$$EventMessageConfirm","confirm":"55bcb4ba-4f7e-4d43-ad52-00041b9ebb08","ts":"2025-11-07T10:30:21.137-05:00","source":{"id":"0","name":"eventBus"}}
{"__type":"$$EventMessageNode","id":"35602b51-73f6-416a-a788-e7087a596643","ts":"2025-11-07T10:30:22.294-05:00","eventName":"n8n.node.finished","message":"n8n.node.finished","payload":{"workflowId":"DuYNHLGVZKDzg8oH","workflowName":"Leer PDFs de Gmail y Extraer Facturas","executionId":"233","nodeType":"n8n-nodes-base.gmailTrigger","nodeName":"Gmail","nodeId":"fb758204-2834-47fe-bf11-f4ab48b9378a"}}
{"__type":"$$EventMessageConfirm","confirm":"35602b51-73f6-416a-a788-e7087a596643","ts":"2025-11-07T10:30:22.294-05:00","source":{"id":"0","name":"eventBus"}}
{"__type":"$$EventMessageNode","id":"59c2efc5-fa63-40c0-be61-69812b1ec705","ts":"2025-11-07T10:30:22.301-05:00","eventName":"n8n.node.started","message":"n8n.node.started","payload":{"workflowId":"DuYNHLGVZKDzg8oH","workflowName":"Leer PDFs de Gmail y Extraer Facturas","executionId":"233","nodeType":"n8n-nodes-base.code","nodeName":"Filtrar PDFs","nodeId":"33185e18-504a-457d-8bb3-fd57b298b7cc"}}
{"__type":"$$EventMessageConfirm","confirm":"59c2efc5-fa63-40c0-be61-69812b1ec705","ts":"2025-11-07T10:30:22.301-05:00","source":{"id":"0","name":"eventBus"}}
{"__type":"$$EventMessageNode","id":"2fb1a5cf-1f21-4a98-a8df-00463760f4c4","ts":"2025-11-07T10:30:22.314-05:00","eventName":"n8n.node.finished","message":"n8n.node.finished","payload":{"workflowId":"DuYNHLGVZKDzg8oH","workflowName":"Leer PDFs de Gmail y Extraer Facturas","executionId":"233","nodeType":"n8n-nodes-base.code","nodeName":"Filtrar PDFs","nodeId":"33185e18-504a-457d-8bb3-fd57b298b7cc"}}
{"__type":"$$EventMessageConfirm","confirm":"2fb1a5cf-1f21-4a98-a8df-00463760f4c4","ts":"2025-11-07T10:30:22.314-05:00","source":{"id":"0","name":"eventBus"}}
{"__type":"$$EventMessageNode","id":"ea571e05-5fc4-4223-92b7-78bc749a57e9","ts":"2025-11-07T10:30:22.321-05:00","eventName":"n8n.node.started","message":"n8n.node.started","payload":{"workflowId":"DuYNHLGVZKDzg8oH","workflowName":"Leer PDFs de Gmail y Extraer Facturas","executionId":"233","nodeType":"n8n-nodes-base.extractFromFile","nodeName":"Extraer texto del PDF","nodeId":"e25a2121-9e6b-4647-bba9-d579b3177f16"}}
{"__type":"$$EventMessageConfirm","confirm":"ea571e05-5fc4-4223-92b7-78bc749a57e9","ts":"2025-11-07T10:30:22.322-05:00","source":{"id":"0","name":"eventBus"}}
{"__type":"$$EventMessageNode","id":"79dc5c58-0ff3-47d8-8467-aee2442515e4","ts":"2025-11-07T10:30:22.447-05:00","eventName":"n8n.node.finished","message":"n8n.node.finished","payload":{"workflowId":"DuYNHLGVZKDzg8oH","workflowName":"Leer PDFs de Gmail y Extraer Facturas","executionId":"233","nodeType":"n8n-nodes-base.extractFromFile","nodeName":"Extraer texto del PDF","nodeId":"e25a2121-9e6b-4647-bba9-d579b3177f16"}}
{"__type":"$$EventMessageConfirm","confirm":"79dc5c58-0ff3-47d8-8467-aee2442515e4","ts":"2025-11-07T10:30:22.448-05:00","source":{"id":"0","name":"eventBus"}}
{"__type":"$$EventMessageNode","id":"bf735a31-9565-43a0-a89e-22869ad876a8","ts":"2025-11-07T10:30:22.449-05:00","eventName":"n8n.node.started","message":"n8n.node.started","payload":{"workflowId":"DuYNHLGVZKDzg8oH","workflowName":"Leer PDFs de Gmail y Extraer Facturas","executionId":"233","nodeType":"n8n-nodes-base.code","nodeName":"Separar Pdf por Guia Remision y Factura","nodeId":"93009130-f806-43e6-8a55-43c554ea06cc"}}
{"__type":"$$EventMessageConfirm","confirm":"bf735a31-9565-43a0-a89e-22869ad876a8","ts":"2025-11-07T10:30:22.449-05:00","source":{"id":"0","name":"eventBus"}}
{"__type":"$$EventMessageNode","id":"4a8b8eb5-5444-4b36-8e94-eaf08be2a86f","ts":"2025-11-07T10:30:22.462-05:00","eventName":"n8n.node.finished","message":"n8n.node.finished","payload":{"workflowId":"DuYNHLGVZKDzg8oH","workflowName":"Leer PDFs de Gmail y Extraer Facturas","executionId":"233","nodeType":"n8n-nodes-base.code","nodeName":"Separar Pdf por Guia Remision y Factura","nodeId":"93009130-f806-43e6-8a55-43c554ea06cc"}}
{"__type":"$$EventMessageConfirm","confirm":"4a8b8eb5-5444-4b36-8e94-eaf08be2a86f","ts":"2025-11-07T10:30:22.462-05:00","source":{"id":"0","name":"eventBus"}}
{"__type":"$$EventMessageNode","id":"78c7add4-9a4f-4c14-a9e6-9c3a68e8dab5","ts":"2025-11-07T10:30:22.464-05:00","eventName":"n8n.node.started","message":"n8n.node.started","payload":{"workflowId":"DuYNHLGVZKDzg8oH","workflowName":"Leer PDFs de Gmail y Extraer Facturas","executionId":"233","nodeType":"n8n-nodes-base.code","nodeName":"Estandarizar Información","nodeId":"aa9ca30f-99bc-4639-a66a-398445f2e8cf"}}
{"__type":"$$EventMessageConfirm","confirm":"78c7add4-9a4f-4c14-a9e6-9c3a68e8dab5","ts":"2025-11-07T10:30:22.464-05:00","source":{"id":"0","name":"eventBus"}}
{"__type":"$$EventMessageNode","id":"bc614549-97d3-45ec-80a8-c9925d1d517e","ts":"2025-11-07T10:30:22.484-05:00","eventName":"n8n.node.finished","message":"n8n.node.finished","payload":{"workflowId":"DuYNHLGVZKDzg8oH","workflowName":"Leer PDFs de Gmail y Extraer Facturas","executionId":"233","nodeType":"n8n-nodes-base.code","nodeName":"Estandarizar Información","nodeId":"aa9ca30f-99bc-4639-a66a-398445f2e8cf"}}
{"__type":"$$EventMessageConfirm","confirm":"bc614549-97d3-45ec-80a8-c9925d1d517e","ts":"2025-11-07T10:30:22.484-05:00","source":{"id":"0","name":"eventBus"}}
{"__type":"$$EventMessageNode","id":"2cd1f85d-5d7a-49f5-ae16-a6fb54a7ebf7","ts":"2025-11-07T10:30:22.486-05:00","eventName":"n8n.node.started","message":"n8n.node.started","payload":{"workflowId":"DuYNHLGVZKDzg8oH","workflowName":"Leer PDFs de Gmail y Extraer Facturas","executionId":"233","nodeType":"n8n-nodes-base.microsoftSql","nodeName":"Query Empresas","nodeId":"5e5b1d24-ac28-4089-b059-ac7d86079ee1"}}
{"__type":"$$EventMessageConfirm","confirm":"2cd1f85d-5d7a-49f5-ae16-a6fb54a7ebf7","ts":"2025-11-07T10:30:22.486-05:00","source":{"id":"0","name":"eventBus"}}
{"__type":"$$EventMessageNode","id":"0b19728d-a88d-4b22-a8da-e2ef615a4467","ts":"2025-11-07T10:30:22.597-05:00","eventName":"n8n.node.finished","message":"n8n.node.finished","payload":{"workflowId":"DuYNHLGVZKDzg8oH","workflowName":"Leer PDFs de Gmail y Extraer Facturas","executionId":"233","nodeType":"n8n-nodes-base.microsoftSql","nodeName":"Query Empresas","nodeId":"5e5b1d24-ac28-4089-b059-ac7d86079ee1"}}
{"__type":"$$EventMessageConfirm","confirm":"0b19728d-a88d-4b22-a8da-e2ef615a4467","ts":"2025-11-07T10:30:22.597-05:00","source":{"id":"0","name":"eventBus"}}
{"__type":"$$EventMessageNode","id":"62ef487d-532b-43ff-987f-1a479e08e602","ts":"2025-11-07T10:30:22.598-05:00","eventName":"n8n.node.started","message":"n8n.node.started","payload":{"workflowId":"DuYNHLGVZKDzg8oH","workflowName":"Leer PDFs de Gmail y Extraer Facturas","executionId":"233","nodeType":"n8n-nodes-base.code","nodeName":"JSON antes de guardar en base","nodeId":"78455022-0344-46ef-8a2e-6cd755170187"}}
{"__type":"$$EventMessageConfirm","confirm":"62ef487d-532b-43ff-987f-1a479e08e602","ts":"2025-11-07T10:30:22.598-05:00","source":{"id":"0","name":"eventBus"}}
{"__type":"$$EventMessageNode","id":"3210b375-00ad-4dd6-8d77-07bf6ef52d1c","ts":"2025-11-07T10:30:22.612-05:00","eventName":"n8n.node.finished","message":"n8n.node.finished","payload":{"workflowId":"DuYNHLGVZKDzg8oH","workflowName":"Leer PDFs de Gmail y Extraer Facturas","executionId":"233","nodeType":"n8n-nodes-base.code","nodeName":"JSON antes de guardar en base","nodeId":"78455022-0344-46ef-8a2e-6cd755170187"}}
{"__type":"$$EventMessageConfirm","confirm":"3210b375-00ad-4dd6-8d77-07bf6ef52d1c","ts":"2025-11-07T10:30:22.612-05:00","source":{"id":"0","name":"eventBus"}}
{"__type":"$$EventMessageWorkflow","id":"dab7ccc5-c138-4ad4-81b6-8987c71b83e0","ts":"2025-11-07T10:30:22.614-05:00","eventName":"n8n.workflow.success","message":"n8n.workflow.success","payload":{"userId":"1dd2210a-99e7-43b0-8c94-ca836c8bb76d","executionId":"233","success":true,"isManual":true,"workflowId":"DuYNHLGVZKDzg8oH","workflowName":"Leer PDFs de Gmail y Extraer Facturas"}}
{"__type":"$$EventMessageConfirm","confirm":"dab7ccc5-c138-4ad4-81b6-8987c71b83e0","ts":"2025-11-07T10:30:22.614-05:00","source":{"id":"0","name":"eventBus"}}
{"__type":"$$EventMessageWorkflow","id":"e855d55d-122e-47b7-8cd1-3a68341b27aa","ts":"2025-11-07T16:09:35.799-05:00","eventName":"n8n.workflow.started","message":"n8n.workflow.started","payload":{"executionId":"234","workflowId":"DuYNHLGVZKDzg8oH","isManual":false,"workflowName":"Leer PDFs de Gmail y Extraer Facturas"}}
{"__type":"$$EventMessageConfirm","confirm":"e855d55d-122e-47b7-8cd1-3a68341b27aa","ts":"2025-11-07T16:09:35.801-05:00","source":{"id":"0","name":"eventBus"}}
{"__type":"$$EventMessageNode","id":"809a543e-2328-4232-b6c2-d59b205dd8d3","ts":"2025-11-07T16:09:35.804-05:00","eventName":"n8n.node.started","message":"n8n.node.started","payload":{"workflowId":"DuYNHLGVZKDzg8oH","workflowName":"Leer PDFs de Gmail y Extraer Facturas","executionId":"234","nodeType":"n8n-nodes-base.gmailTrigger","nodeName":"Gmail","nodeId":"fb758204-2834-47fe-bf11-f4ab48b9378a"}}
{"__type":"$$EventMessageConfirm","confirm":"809a543e-2328-4232-b6c2-d59b205dd8d3","ts":"2025-11-07T16:09:35.805-05:00","source":{"id":"0","name":"eventBus"}}
{"__type":"$$EventMessageNode","id":"fa4d1ba7-c179-42ea-b7a8-7abac6459f69","ts":"2025-11-07T16:09:38.053-05:00","eventName":"n8n.node.finished","message":"n8n.node.finished","payload":{"workflowId":"DuYNHLGVZKDzg8oH","workflowName":"Leer PDFs de Gmail y Extraer Facturas","executionId":"234","nodeType":"n8n-nodes-base.gmailTrigger","nodeName":"Gmail","nodeId":"fb758204-2834-47fe-bf11-f4ab48b9378a"}}
{"__type":"$$EventMessageConfirm","confirm":"fa4d1ba7-c179-42ea-b7a8-7abac6459f69","ts":"2025-11-07T16:09:38.054-05:00","source":{"id":"0","name":"eventBus"}}
{"__type":"$$EventMessageWorkflow","id":"ca8cbb51-3746-4dcf-a5c0-928cd50df27a","ts":"2025-11-07T16:09:38.069-05:00","eventName":"n8n.workflow.success","message":"n8n.workflow.success","payload":{"userId":"1dd2210a-99e7-43b0-8c94-ca836c8bb76d","executionId":"234","success":true,"isManual":true,"workflowId":"DuYNHLGVZKDzg8oH","workflowName":"Leer PDFs de Gmail y Extraer Facturas"}}
{"__type":"$$EventMessageConfirm","confirm":"ca8cbb51-3746-4dcf-a5c0-928cd50df27a","ts":"2025-11-07T16:09:38.070-05:00","source":{"id":"0","name":"eventBus"}}
{"__type":"$$EventMessageWorkflow","id":"c1da826e-5ac8-4d0e-ba62-8eb8d6fb08f9","ts":"2025-11-07T16:11:13.412-05:00","eventName":"n8n.workflow.started","message":"n8n.workflow.started","payload":{"executionId":"235","workflowId":"DuYNHLGVZKDzg8oH","isManual":false,"workflowName":"Leer PDFs de Gmail y Extraer Facturas"}}
{"__type":"$$EventMessageConfirm","confirm":"c1da826e-5ac8-4d0e-ba62-8eb8d6fb08f9","ts":"2025-11-07T16:11:13.412-05:00","source":{"id":"0","name":"eventBus"}}
{"__type":"$$EventMessageNode","id":"75dcdf32-ea7a-4ee8-a541-5f607d4ee4c9","ts":"2025-11-07T16:11:13.459-05:00","eventName":"n8n.node.started","message":"n8n.node.started","payload":{"workflowId":"DuYNHLGVZKDzg8oH","workflowName":"Leer PDFs de Gmail y Extraer Facturas","executionId":"235","nodeType":"n8n-nodes-base.code","nodeName":"Filtrar PDFs","nodeId":"33185e18-504a-457d-8bb3-fd57b298b7cc"}}
{"__type":"$$EventMessageConfirm","confirm":"75dcdf32-ea7a-4ee8-a541-5f607d4ee4c9","ts":"2025-11-07T16:11:13.459-05:00","source":{"id":"0","name":"eventBus"}}
{"__type":"$$EventMessageNode","id":"8aec0b44-a309-43f9-890b-f32751509090","ts":"2025-11-07T16:11:13.502-05:00","eventName":"n8n.node.finished","message":"n8n.node.finished","payload":{"workflowId":"DuYNHLGVZKDzg8oH","workflowName":"Leer PDFs de Gmail y Extraer Facturas","executionId":"235","nodeType":"n8n-nodes-base.code","nodeName":"Filtrar PDFs","nodeId":"33185e18-504a-457d-8bb3-fd57b298b7cc"}}
{"__type":"$$EventMessageConfirm","confirm":"8aec0b44-a309-43f9-890b-f32751509090","ts":"2025-11-07T16:11:13.502-05:00","source":{"id":"0","name":"eventBus"}}
{"__type":"$$EventMessageWorkflow","id":"56210411-cb7a-4a82-8a53-fe2e218a2bc6","ts":"2025-11-07T16:11:13.517-05:00","eventName":"n8n.workflow.success","message":"n8n.workflow.success","payload":{"userId":"1dd2210a-99e7-43b0-8c94-ca836c8bb76d","executionId":"235","success":true,"isManual":true,"workflowId":"DuYNHLGVZKDzg8oH","workflowName":"Leer PDFs de Gmail y Extraer Facturas"}}
{"__type":"$$EventMessageConfirm","confirm":"56210411-cb7a-4a82-8a53-fe2e218a2bc6","ts":"2025-11-07T16:11:13.517-05:00","source":{"id":"0","name":"eventBus"}}
{"__type":"$$EventMessageWorkflow","id":"74769369-23bf-4fe6-8775-9cc3e36f7c68","ts":"2025-11-07T16:11:29.732-05:00","eventName":"n8n.workflow.started","message":"n8n.workflow.started","payload":{"executionId":"236","workflowId":"DuYNHLGVZKDzg8oH","isManual":false,"workflowName":"Leer PDFs de Gmail y Extraer Facturas"}}
{"__type":"$$EventMessageConfirm","confirm":"74769369-23bf-4fe6-8775-9cc3e36f7c68","ts":"2025-11-07T16:11:29.732-05:00","source":{"id":"0","name":"eventBus"}}
{"__type":"$$EventMessageNode","id":"ace47613-186b-45f8-a392-2b6bb13fb5c4","ts":"2025-11-07T16:11:29.750-05:00","eventName":"n8n.node.started","message":"n8n.node.started","payload":{"workflowId":"DuYNHLGVZKDzg8oH","workflowName":"Leer PDFs de Gmail y Extraer Facturas","executionId":"236","nodeType":"n8n-nodes-base.extractFromFile","nodeName":"Extraer texto del PDF","nodeId":"e25a2121-9e6b-4647-bba9-d579b3177f16"}}
{"__type":"$$EventMessageConfirm","confirm":"ace47613-186b-45f8-a392-2b6bb13fb5c4","ts":"2025-11-07T16:11:29.750-05:00","source":{"id":"0","name":"eventBus"}}
{"__type":"$$EventMessageNode","id":"68b914a7-68c0-4b9f-89bd-55216868b7a5","ts":"2025-11-07T16:11:29.936-05:00","eventName":"n8n.node.finished","message":"n8n.node.finished","payload":{"workflowId":"DuYNHLGVZKDzg8oH","workflowName":"Leer PDFs de Gmail y Extraer Facturas","executionId":"236","nodeType":"n8n-nodes-base.extractFromFile","nodeName":"Extraer texto del PDF","nodeId":"e25a2121-9e6b-4647-bba9-d579b3177f16"}}
{"__type":"$$EventMessageConfirm","confirm":"68b914a7-68c0-4b9f-89bd-55216868b7a5","ts":"2025-11-07T16:11:29.936-05:00","source":{"id":"0","name":"eventBus"}}
{"__type":"$$EventMessageWorkflow","id":"54058cb4-b134-4a2e-ad96-ca187ba879be","ts":"2025-11-07T16:11:29.943-05:00","eventName":"n8n.workflow.success","message":"n8n.workflow.success","payload":{"userId":"1dd2210a-99e7-43b0-8c94-ca836c8bb76d","executionId":"236","success":true,"isManual":true,"workflowId":"DuYNHLGVZKDzg8oH","workflowName":"Leer PDFs de Gmail y Extraer Facturas"}}
{"__type":"$$EventMessageConfirm","confirm":"54058cb4-b134-4a2e-ad96-ca187ba879be","ts":"2025-11-07T16:11:29.943-05:00","source":{"id":"0","name":"eventBus"}}
{"__type":"$$EventMessageWorkflow","id":"5d87c6e4-5f26-4666-a262-c4dbefafb47f","ts":"2025-11-07T16:11:59.361-05:00","eventName":"n8n.workflow.started","message":"n8n.workflow.started","payload":{"executionId":"237","workflowId":"DuYNHLGVZKDzg8oH","isManual":false,"workflowName":"Leer PDFs de Gmail y Extraer Facturas"}}
{"__type":"$$EventMessageConfirm","confirm":"5d87c6e4-5f26-4666-a262-c4dbefafb47f","ts":"2025-11-07T16:11:59.361-05:00","source":{"id":"0","name":"eventBus"}}
{"__type":"$$EventMessageNode","id":"0b06f55f-3926-4ff1-bf79-1eb411ca16eb","ts":"2025-11-07T16:11:59.393-05:00","eventName":"n8n.node.started","message":"n8n.node.started","payload":{"workflowId":"DuYNHLGVZKDzg8oH","workflowName":"Leer PDFs de Gmail y Extraer Facturas","executionId":"237","nodeType":"n8n-nodes-base.code","nodeName":"Separar Pdf por Guia Remision y Factura","nodeId":"93009130-f806-43e6-8a55-43c554ea06cc"}}
{"__type":"$$EventMessageConfirm","confirm":"0b06f55f-3926-4ff1-bf79-1eb411ca16eb","ts":"2025-11-07T16:11:59.393-05:00","source":{"id":"0","name":"eventBus"}}
{"__type":"$$EventMessageNode","id":"a6af1c76-bf4b-4408-91d3-d2d8077144cc","ts":"2025-11-07T16:11:59.433-05:00","eventName":"n8n.node.finished","message":"n8n.node.finished","payload":{"workflowId":"DuYNHLGVZKDzg8oH","workflowName":"Leer PDFs de Gmail y Extraer Facturas","executionId":"237","nodeType":"n8n-nodes-base.code","nodeName":"Separar Pdf por Guia Remision y Factura","nodeId":"93009130-f806-43e6-8a55-43c554ea06cc"}}
{"__type":"$$EventMessageConfirm","confirm":"a6af1c76-bf4b-4408-91d3-d2d8077144cc","ts":"2025-11-07T16:11:59.433-05:00","source":{"id":"0","name":"eventBus"}}
{"__type":"$$EventMessageWorkflow","id":"874398e9-9231-473b-8f28-dd998df7a99a","ts":"2025-11-07T16:11:59.443-05:00","eventName":"n8n.workflow.success","message":"n8n.workflow.success","payload":{"userId":"1dd2210a-99e7-43b0-8c94-ca836c8bb76d","executionId":"237","success":true,"isManual":true,"workflowId":"DuYNHLGVZKDzg8oH","workflowName":"Leer PDFs de Gmail y Extraer Facturas"}}
{"__type":"$$EventMessageConfirm","confirm":"874398e9-9231-473b-8f28-dd998df7a99a","ts":"2025-11-07T16:11:59.443-05:00","source":{"id":"0","name":"eventBus"}}
{"__type":"$$EventMessageWorkflow","id":"c266ba8c-e64e-4f6e-a2fb-c084aae887b3","ts":"2025-11-07T16:12:41.106-05:00","eventName":"n8n.workflow.started","message":"n8n.workflow.started","payload":{"executionId":"238","workflowId":"DuYNHLGVZKDzg8oH","isManual":false,"workflowName":"Leer PDFs de Gmail y Extraer Facturas"}}
{"__type":"$$EventMessageConfirm","confirm":"c266ba8c-e64e-4f6e-a2fb-c084aae887b3","ts":"2025-11-07T16:12:41.106-05:00","source":{"id":"0","name":"eventBus"}}
{"__type":"$$EventMessageNode","id":"0ed5aa76-48b0-4916-8414-3176a9ff9d1b","ts":"2025-11-07T16:12:41.123-05:00","eventName":"n8n.node.started","message":"n8n.node.started","payload":{"workflowId":"DuYNHLGVZKDzg8oH","workflowName":"Leer PDFs de Gmail y Extraer Facturas","executionId":"238","nodeType":"n8n-nodes-base.code","nodeName":"Estandarizar Información","nodeId":"aa9ca30f-99bc-4639-a66a-398445f2e8cf"}}
{"__type":"$$EventMessageConfirm","confirm":"0ed5aa76-48b0-4916-8414-3176a9ff9d1b","ts":"2025-11-07T16:12:41.123-05:00","source":{"id":"0","name":"eventBus"}}
{"__type":"$$EventMessageNode","id":"95d02692-dd7d-4490-bfcb-3729c4f0e4e0","ts":"2025-11-07T16:12:41.148-05:00","eventName":"n8n.node.finished","message":"n8n.node.finished","payload":{"workflowId":"DuYNHLGVZKDzg8oH","workflowName":"Leer PDFs de Gmail y Extraer Facturas","executionId":"238","nodeType":"n8n-nodes-base.code","nodeName":"Estandarizar Información","nodeId":"aa9ca30f-99bc-4639-a66a-398445f2e8cf"}}
{"__type":"$$EventMessageConfirm","confirm":"95d02692-dd7d-4490-bfcb-3729c4f0e4e0","ts":"2025-11-07T16:12:41.148-05:00","source":{"id":"0","name":"eventBus"}}
{"__type":"$$EventMessageWorkflow","id":"2aa55cfe-0bf5-475d-a199-12b6c9ec1199","ts":"2025-11-07T16:12:41.150-05:00","eventName":"n8n.workflow.success","message":"n8n.workflow.success","payload":{"userId":"1dd2210a-99e7-43b0-8c94-ca836c8bb76d","executionId":"238","success":true,"isManual":true,"workflowId":"DuYNHLGVZKDzg8oH","workflowName":"Leer PDFs de Gmail y Extraer Facturas"}}
{"__type":"$$EventMessageConfirm","confirm":"2aa55cfe-0bf5-475d-a199-12b6c9ec1199","ts":"2025-11-07T16:12:41.151-05:00","source":{"id":"0","name":"eventBus"}}
{"__type":"$$EventMessageWorkflow","id":"816c9433-ce71-4c1c-b4e5-cf851c80a43b","ts":"2025-11-07T16:13:57.620-05:00","eventName":"n8n.workflow.started","message":"n8n.workflow.started","payload":{"executionId":"239","workflowId":"DuYNHLGVZKDzg8oH","isManual":false,"workflowName":"Leer PDFs de Gmail y Extraer Facturas"}}
{"__type":"$$EventMessageConfirm","confirm":"816c9433-ce71-4c1c-b4e5-cf851c80a43b","ts":"2025-11-07T16:13:57.621-05:00","source":{"id":"0","name":"eventBus"}}
{"__type":"$$EventMessageNode","id":"55692e2a-1eb5-456d-99ab-edf8773bbcda","ts":"2025-11-07T16:13:57.653-05:00","eventName":"n8n.node.started","message":"n8n.node.started","payload":{"workflowId":"DuYNHLGVZKDzg8oH","workflowName":"Leer PDFs de Gmail y Extraer Facturas","executionId":"239","nodeType":"n8n-nodes-base.microsoftSql","nodeName":"Query Empresas","nodeId":"5e5b1d24-ac28-4089-b059-ac7d86079ee1"}}
{"__type":"$$EventMessageConfirm","confirm":"55692e2a-1eb5-456d-99ab-edf8773bbcda","ts":"2025-11-07T16:13:57.653-05:00","source":{"id":"0","name":"eventBus"}}
{"__type":"$$EventMessageNode","id":"8b5243c4-3b6e-4bc1-997a-102f9f2027c5","ts":"2025-11-07T16:13:57.866-05:00","eventName":"n8n.node.finished","message":"n8n.node.finished","payload":{"workflowId":"DuYNHLGVZKDzg8oH","workflowName":"Leer PDFs de Gmail y Extraer Facturas","executionId":"239","nodeType":"n8n-nodes-base.microsoftSql","nodeName":"Query Empresas","nodeId":"5e5b1d24-ac28-4089-b059-ac7d86079ee1"}}
{"__type":"$$EventMessageConfirm","confirm":"8b5243c4-3b6e-4bc1-997a-102f9f2027c5","ts":"2025-11-07T16:13:57.866-05:00","source":{"id":"0","name":"eventBus"}}
{"__type":"$$EventMessageWorkflow","id":"a54d4246-78df-49be-9f1d-2960b4889198","ts":"2025-11-07T16:13:57.869-05:00","eventName":"n8n.workflow.success","message":"n8n.workflow.success","payload":{"userId":"1dd2210a-99e7-43b0-8c94-ca836c8bb76d","executionId":"239","success":true,"isManual":true,"workflowId":"DuYNHLGVZKDzg8oH","workflowName":"Leer PDFs de Gmail y Extraer Facturas"}}
{"__type":"$$EventMessageConfirm","confirm":"a54d4246-78df-49be-9f1d-2960b4889198","ts":"2025-11-07T16:13:57.869-05:00","source":{"id":"0","name":"eventBus"}}
{"__type":"$$EventMessageWorkflow","id":"6c9a3747-71ac-449f-aa3e-ebd15e337978","ts":"2025-11-07T16:14:23.873-05:00","eventName":"n8n.workflow.started","message":"n8n.workflow.started","payload":{"executionId":"240","workflowId":"DuYNHLGVZKDzg8oH","isManual":false,"workflowName":"Leer PDFs de Gmail y Extraer Facturas"}}
{"__type":"$$EventMessageConfirm","confirm":"6c9a3747-71ac-449f-aa3e-ebd15e337978","ts":"2025-11-07T16:14:23.873-05:00","source":{"id":"0","name":"eventBus"}}
{"__type":"$$EventMessageNode","id":"efeebf9a-bfa6-491f-b89f-1782530bfc48","ts":"2025-11-07T16:14:23.885-05:00","eventName":"n8n.node.started","message":"n8n.node.started","payload":{"workflowId":"DuYNHLGVZKDzg8oH","workflowName":"Leer PDFs de Gmail y Extraer Facturas","executionId":"240","nodeType":"n8n-nodes-base.code","nodeName":"JSON antes de guardar en base","nodeId":"78455022-0344-46ef-8a2e-6cd755170187"}}
{"__type":"$$EventMessageConfirm","confirm":"efeebf9a-bfa6-491f-b89f-1782530bfc48","ts":"2025-11-07T16:14:23.885-05:00","source":{"id":"0","name":"eventBus"}}
{"__type":"$$EventMessageNode","id":"9bbc81b9-f790-46ee-92a0-b094f8a5d11e","ts":"2025-11-07T16:14:23.906-05:00","eventName":"n8n.node.finished","message":"n8n.node.finished","payload":{"workflowId":"DuYNHLGVZKDzg8oH","workflowName":"Leer PDFs de Gmail y Extraer Facturas","executionId":"240","nodeType":"n8n-nodes-base.code","nodeName":"JSON antes de guardar en base","nodeId":"78455022-0344-46ef-8a2e-6cd755170187"}}
{"__type":"$$EventMessageConfirm","confirm":"9bbc81b9-f790-46ee-92a0-b094f8a5d11e","ts":"2025-11-07T16:14:23.906-05:00","source":{"id":"0","name":"eventBus"}}
{"__type":"$$EventMessageWorkflow","id":"b150551a-c900-4448-905a-b7b9cebe370a","ts":"2025-11-07T16:14:23.908-05:00","eventName":"n8n.workflow.success","message":"n8n.workflow.success","payload":{"userId":"1dd2210a-99e7-43b0-8c94-ca836c8bb76d","executionId":"240","success":true,"isManual":true,"workflowId":"DuYNHLGVZKDzg8oH","workflowName":"Leer PDFs de Gmail y Extraer Facturas"}}
{"__type":"$$EventMessageConfirm","confirm":"b150551a-c900-4448-905a-b7b9cebe370a","ts":"2025-11-07T16:14:23.908-05:00","source":{"id":"0","name":"eventBus"}}
{"__type":"$$EventMessageAudit","id":"7b207b19-da56-462f-874b-6aa0d523fe05","ts":"2025-11-07T16:30:15.334-05:00","eventName":"n8n.audit.workflow.updated","message":"n8n.audit.workflow.updated","payload":{"userId":"1dd2210a-99e7-43b0-8c94-ca836c8bb76d","_email":"zackharo1@gmail.com","_firstName":"Isaac","_lastName":"Haro","globalRole":"global:owner","workflowId":"DuYNHLGVZKDzg8oH","workflowName":"Leer PDFs de Gmail y Extraer Facturas"}}
{"__type":"$$EventMessageConfirm","confirm":"7b207b19-da56-462f-874b-6aa0d523fe05","ts":"2025-11-07T16:30:15.334-05:00","source":{"id":"0","name":"eventBus"}}
{"__type":"$$EventMessageAudit","id":"d036bc9a-e231-4ed6-bc0e-4fedab2a2af3","ts":"2025-11-07T16:30:34.201-05:00","eventName":"n8n.audit.workflow.updated","message":"n8n.audit.workflow.updated","payload":{"userId":"1dd2210a-99e7-43b0-8c94-ca836c8bb76d","_email":"zackharo1@gmail.com","_firstName":"Isaac","_lastName":"Haro","globalRole":"global:owner","workflowId":"DuYNHLGVZKDzg8oH","workflowName":"Leer PDFs de Gmail y Extraer Facturas"}}
{"__type":"$$EventMessageConfirm","confirm":"d036bc9a-e231-4ed6-bc0e-4fedab2a2af3","ts":"2025-11-07T16:30:34.201-05:00","source":{"id":"0","name":"eventBus"}}
