{"__type":"$$EventMessageWorkflow","id":"3a67bea6-4341-49ff-96cb-5b1b7e7970b9","ts":"2025-11-10T13:14:57.079+00:00","eventName":"n8n.workflow.started","message":"n8n.workflow.started","payload":{"executionId":"241","workflowId":"DuYNHLGVZKDzg8oH","isManual":false,"workflowName":"Leer PDFs de Gmail y Extraer Facturas"}}
{"__type":"$$EventMessageConfirm","confirm":"3a67bea6-4341-49ff-96cb-5b1b7e7970b9","ts":"2025-11-10T13:14:57.079+00:00","source":{"id":"0","name":"eventBus"}}
{"__type":"$$EventMessageNode","id":"d1cb5b5f-0f54-4a33-b7c6-4cfd85f0c940","ts":"2025-11-10T13:14:57.081+00:00","eventName":"n8n.node.started","message":"n8n.node.started","payload":{"workflowId":"DuYNHLGVZKDzg8oH","workflowName":"Leer PDFs de Gmail y Extraer Facturas","executionId":"241","nodeType":"n8n-nodes-base.gmailTrigger","nodeName":"Gmail","nodeId":"fb758204-2834-47fe-bf11-f4ab48b9378a"}}
{"__type":"$$EventMessageConfirm","confirm":"d1cb5b5f-0f54-4a33-b7c6-4cfd85f0c940","ts":"2025-11-10T13:14:57.081+00:00","source":{"id":"0","name":"eventBus"}}
{"__type":"$$EventMessageNode","id":"9ddc3303-7f9a-40fc-acca-ab4c3721e3e2","ts":"2025-11-10T13:15:00.087+00:00","eventName":"n8n.node.finished","message":"n8n.node.finished","payload":{"workflowId":"DuYNHLGVZKDzg8oH","workflowName":"Leer PDFs de Gmail y Extraer Facturas","executionId":"241","nodeType":"n8n-nodes-base.gmailTrigger","nodeName":"Gmail","nodeId":"fb758204-2834-47fe-bf11-f4ab48b9378a"}}
{"__type":"$$EventMessageConfirm","confirm":"9ddc3303-7f9a-40fc-acca-ab4c3721e3e2","ts":"2025-11-10T13:15:00.087+00:00","source":{"id":"0","name":"eventBus"}}
{"__type":"$$EventMessageNode","id":"9ce335dc-4b8f-442c-a01a-c5bd484d5e1d","ts":"2025-11-10T13:15:00.094+00:00","eventName":"n8n.node.started","message":"n8n.node.started","payload":{"workflowId":"DuYNHLGVZKDzg8oH","workflowName":"Leer PDFs de Gmail y Extraer Facturas","executionId":"241","nodeType":"n8n-nodes-base.code","nodeName":"Filtrar PDFs","nodeId":"33185e18-504a-457d-8bb3-fd57b298b7cc"}}
{"__type":"$$EventMessageConfirm","confirm":"9ce335dc-4b8f-442c-a01a-c5bd484d5e1d","ts":"2025-11-10T13:15:00.094+00:00","source":{"id":"0","name":"eventBus"}}
{"__type":"$$EventMessageNode","id":"f38e8179-7e90-40fc-b12c-bbb66a3b1c61","ts":"2025-11-10T08:15:00.143-05:00","eventName":"n8n.node.finished","message":"n8n.node.finished","payload":{"workflowId":"DuYNHLGVZKDzg8oH","workflowName":"Leer PDFs de Gmail y Extraer Facturas","executionId":"241","nodeType":"n8n-nodes-base.code","nodeName":"Filtrar PDFs","nodeId":"33185e18-504a-457d-8bb3-fd57b298b7cc"}}
{"__type":"$$EventMessageConfirm","confirm":"f38e8179-7e90-40fc-b12c-bbb66a3b1c61","ts":"2025-11-10T08:15:00.143-05:00","source":{"id":"0","name":"eventBus"}}
{"__type":"$$EventMessageNode","id":"8f16cba5-be24-4c9a-871d-1dd6c0298e2a","ts":"2025-11-10T08:15:00.148-05:00","eventName":"n8n.node.started","message":"n8n.node.started","payload":{"workflowId":"DuYNHLGVZKDzg8oH","workflowName":"Leer PDFs de Gmail y Extraer Facturas","executionId":"241","nodeType":"n8n-nodes-base.extractFromFile","nodeName":"Extraer texto del PDF","nodeId":"e25a2121-9e6b-4647-bba9-d579b3177f16"}}
{"__type":"$$EventMessageConfirm","confirm":"8f16cba5-be24-4c9a-871d-1dd6c0298e2a","ts":"2025-11-10T08:15:00.148-05:00","source":{"id":"0","name":"eventBus"}}
{"__type":"$$EventMessageNode","id":"296a7218-8c88-4c96-9405-29472033f77b","ts":"2025-11-10T08:15:01.375-05:00","eventName":"n8n.node.finished","message":"n8n.node.finished","payload":{"workflowId":"DuYNHLGVZKDzg8oH","workflowName":"Leer PDFs de Gmail y Extraer Facturas","executionId":"241","nodeType":"n8n-nodes-base.extractFromFile","nodeName":"Extraer texto del PDF","nodeId":"e25a2121-9e6b-4647-bba9-d579b3177f16"}}
{"__type":"$$EventMessageConfirm","confirm":"296a7218-8c88-4c96-9405-29472033f77b","ts":"2025-11-10T08:15:01.375-05:00","source":{"id":"0","name":"eventBus"}}
{"__type":"$$EventMessageNode","id":"38eaf160-5760-4460-adc3-ef5eb1d4bc7b","ts":"2025-11-10T08:15:01.379-05:00","eventName":"n8n.node.started","message":"n8n.node.started","payload":{"workflowId":"DuYNHLGVZKDzg8oH","workflowName":"Leer PDFs de Gmail y Extraer Facturas","executionId":"241","nodeType":"n8n-nodes-base.code","nodeName":"Separar Pdf por Guia Remision y Factura","nodeId":"93009130-f806-43e6-8a55-43c554ea06cc"}}
{"__type":"$$EventMessageConfirm","confirm":"38eaf160-5760-4460-adc3-ef5eb1d4bc7b","ts":"2025-11-10T08:15:01.380-05:00","source":{"id":"0","name":"eventBus"}}
{"__type":"$$EventMessageNode","id":"89cfb2ad-da18-43ce-87e8-b22969f9852f","ts":"2025-11-10T08:15:01.390-05:00","eventName":"n8n.node.finished","message":"n8n.node.finished","payload":{"workflowId":"DuYNHLGVZKDzg8oH","workflowName":"Leer PDFs de Gmail y Extraer Facturas","executionId":"241","nodeType":"n8n-nodes-base.code","nodeName":"Separar Pdf por Guia Remision y Factura","nodeId":"93009130-f806-43e6-8a55-43c554ea06cc"}}
{"__type":"$$EventMessageConfirm","confirm":"89cfb2ad-da18-43ce-87e8-b22969f9852f","ts":"2025-11-10T08:15:01.390-05:00","source":{"id":"0","name":"eventBus"}}
{"__type":"$$EventMessageNode","id":"48c0b319-63a5-4b17-aa1b-38936ba96063","ts":"2025-11-10T08:15:01.391-05:00","eventName":"n8n.node.started","message":"n8n.node.started","payload":{"workflowId":"DuYNHLGVZKDzg8oH","workflowName":"Leer PDFs de Gmail y Extraer Facturas","executionId":"241","nodeType":"n8n-nodes-base.code","nodeName":"Estandarizar Información","nodeId":"aa9ca30f-99bc-4639-a66a-398445f2e8cf"}}
{"__type":"$$EventMessageConfirm","confirm":"48c0b319-63a5-4b17-aa1b-38936ba96063","ts":"2025-11-10T08:15:01.391-05:00","source":{"id":"0","name":"eventBus"}}
{"__type":"$$EventMessageNode","id":"8431bc62-f94d-4990-8716-2181fa0c3726","ts":"2025-11-10T08:15:01.410-05:00","eventName":"n8n.node.finished","message":"n8n.node.finished","payload":{"workflowId":"DuYNHLGVZKDzg8oH","workflowName":"Leer PDFs de Gmail y Extraer Facturas","executionId":"241","nodeType":"n8n-nodes-base.code","nodeName":"Estandarizar Información","nodeId":"aa9ca30f-99bc-4639-a66a-398445f2e8cf"}}
{"__type":"$$EventMessageConfirm","confirm":"8431bc62-f94d-4990-8716-2181fa0c3726","ts":"2025-11-10T08:15:01.411-05:00","source":{"id":"0","name":"eventBus"}}
{"__type":"$$EventMessageNode","id":"4fbbc323-09c3-4bfe-97a4-771cb032ea1f","ts":"2025-11-10T08:15:01.411-05:00","eventName":"n8n.node.started","message":"n8n.node.started","payload":{"workflowId":"DuYNHLGVZKDzg8oH","workflowName":"Leer PDFs de Gmail y Extraer Facturas","executionId":"241","nodeType":"n8n-nodes-base.microsoftSql","nodeName":"Query Empresas","nodeId":"5e5b1d24-ac28-4089-b059-ac7d86079ee1"}}
{"__type":"$$EventMessageConfirm","confirm":"4fbbc323-09c3-4bfe-97a4-771cb032ea1f","ts":"2025-11-10T08:15:01.411-05:00","source":{"id":"0","name":"eventBus"}}
{"__type":"$$EventMessageNode","id":"6b9b7b30-aa0c-4df9-8ff1-9462cba0e24d","ts":"2025-11-10T08:15:01.631-05:00","eventName":"n8n.node.finished","message":"n8n.node.finished","payload":{"workflowId":"DuYNHLGVZKDzg8oH","workflowName":"Leer PDFs de Gmail y Extraer Facturas","executionId":"241","nodeType":"n8n-nodes-base.microsoftSql","nodeName":"Query Empresas","nodeId":"5e5b1d24-ac28-4089-b059-ac7d86079ee1"}}
{"__type":"$$EventMessageConfirm","confirm":"6b9b7b30-aa0c-4df9-8ff1-9462cba0e24d","ts":"2025-11-10T08:15:01.631-05:00","source":{"id":"0","name":"eventBus"}}
{"__type":"$$EventMessageNode","id":"d825a8f5-9dc8-4bdd-8cf5-5707d3f855dd","ts":"2025-11-10T08:15:01.632-05:00","eventName":"n8n.node.started","message":"n8n.node.started","payload":{"workflowId":"DuYNHLGVZKDzg8oH","workflowName":"Leer PDFs de Gmail y Extraer Facturas","executionId":"241","nodeType":"n8n-nodes-base.code","nodeName":"JSON antes de guardar en base","nodeId":"78455022-0344-46ef-8a2e-6cd755170187"}}
{"__type":"$$EventMessageConfirm","confirm":"d825a8f5-9dc8-4bdd-8cf5-5707d3f855dd","ts":"2025-11-10T08:15:01.632-05:00","source":{"id":"0","name":"eventBus"}}
{"__type":"$$EventMessageNode","id":"4ac064a6-bc5d-418d-8929-12ab4e1d3b55","ts":"2025-11-10T08:15:01.651-05:00","eventName":"n8n.node.finished","message":"n8n.node.finished","payload":{"workflowId":"DuYNHLGVZKDzg8oH","workflowName":"Leer PDFs de Gmail y Extraer Facturas","executionId":"241","nodeType":"n8n-nodes-base.code","nodeName":"JSON antes de guardar en base","nodeId":"78455022-0344-46ef-8a2e-6cd755170187"}}
{"__type":"$$EventMessageConfirm","confirm":"4ac064a6-bc5d-418d-8929-12ab4e1d3b55","ts":"2025-11-10T08:15:01.651-05:00","source":{"id":"0","name":"eventBus"}}
{"__type":"$$EventMessageWorkflow","id":"e04dad44-4528-4e22-ad9e-878919791d27","ts":"2025-11-10T08:15:01.660-05:00","eventName":"n8n.workflow.success","message":"n8n.workflow.success","payload":{"userId":"1dd2210a-99e7-43b0-8c94-ca836c8bb76d","executionId":"241","success":true,"isManual":true,"workflowId":"DuYNHLGVZKDzg8oH","workflowName":"Leer PDFs de Gmail y Extraer Facturas"}}
{"__type":"$$EventMessageConfirm","confirm":"e04dad44-4528-4e22-ad9e-878919791d27","ts":"2025-11-10T08:15:01.660-05:00","source":{"id":"0","name":"eventBus"}}
